{"level":"debug","time":"2022-04-28T17:22:29.669299+09:00","message":"Start Run","config":{"proto":"","protoset":"","call":"hello.Greeter.SayHello","cacert":"","cert":"","key":"","count-errors":false,"skipTLS":false,"skipFirst":0,"cname":"","authority":"","insecure":true,"total":3,"concurrency":1,"concurrency-schedule":"const","concurrency-start":0,"concurrency-end":0,"concurrency-step":1,"concurrency-step-duration":"0s","concurrency-max-duration":"0s","connections":1,"rps":0,"duration":"0s","duration-stop":"close","max-duration":"0s","timeout":"0s","data-file":"./data.json","binary-file":"","metadata-file":"","stream-interval":"0s","stream-call-duration":"0s","stream-call-count":3,"stream-dynamic-messages":false,"output":"","format":"summary","connect-timeout":"10s","keepalive":"0s","cpus":12,"debug":"./debug/debug1.log","host":"localhost:50051","load-schedule":"const","load-start":0,"load-end":0,"load-step":0,"load-step-duration":"0s","load-max-duration":"0s","lb-strategy":"","max-recv-message-size":"","max-send-message-size":""}}
{"level":"debug","time":"2022-04-28T17:22:29.669618+09:00","message":"Creating client connection","options":[{},{}]}
{"level":"debug","time":"2022-04-28T17:22:29.67298+09:00","message":"Creating client connection","options":[{},{},{}]}
{"level":"debug","time":"2022-04-28T17:22:29.673066+09:00","message":"Worker ticker.","delta":1}
{"level":"debug","time":"2022-04-28T17:22:29.673124+09:00","message":"Creating worker with ID: g0c0","workerID":"g0c0"}
{"level":"debug","time":"2022-04-28T17:22:29.673184+09:00","message":"Making request","workerID":"g0c0","call type":"unary","call":"hello.Greeter.SayHello","input":[{"name":"Joe"}],"metadata":{}}
{"level":"debug","time":"2022-04-28T17:22:29.674008+09:00","message":"Received RPC Stats","statsID":0,"code":"OK","error":null,"duration":0.000752915,"stats":{"Client":true,"BeginTime":"2022-04-28T17:22:29.673253+09:00","EndTime":"2022-04-28T17:22:29.674006+09:00","Trailer":{},"Error":null}}
{"level":"debug","time":"2022-04-28T17:22:29.674077+09:00","message":"Received response","workerID":"g0c0","call type":"unary","call":"hello.Greeter.SayHello","input":"name:\"Joe\"","metadata":{},"response":"message:\"Hello, Joe!, 0!, False!\"","error":null}
{"level":"debug","time":"2022-04-28T17:22:29.67413+09:00","message":"Making request","workerID":"g0c0","call type":"unary","call":"hello.Greeter.SayHello","input":[{"name":"Yong"}],"metadata":{}}
{"level":"debug","time":"2022-04-28T17:22:29.674398+09:00","message":"Received RPC Stats","statsID":0,"code":"OK","error":null,"duration":0.000245523,"stats":{"Client":true,"BeginTime":"2022-04-28T17:22:29.674151+09:00","EndTime":"2022-04-28T17:22:29.674396+09:00","Trailer":{},"Error":null}}
{"level":"debug","time":"2022-04-28T17:22:29.674426+09:00","message":"Received response","workerID":"g0c0","call type":"unary","call":"hello.Greeter.SayHello","input":"name:\"Yong\"","metadata":{},"response":"message:\"Hello, Yong!, 0!, False!\"","error":null}
{"level":"debug","time":"2022-04-28T17:22:29.674468+09:00","message":"Making request","workerID":"g0c0","call type":"unary","call":"hello.Greeter.SayHello","input":[{"name":"Min"}],"metadata":{}}
{"level":"debug","time":"2022-04-28T17:22:29.674459+09:00","message":"Received stop from pacer."}
{"level":"debug","time":"2022-04-28T17:22:29.674763+09:00","message":"Received RPC Stats","statsID":0,"code":"OK","error":null,"duration":0.000270585,"stats":{"Client":true,"BeginTime":"2022-04-28T17:22:29.674491+09:00","EndTime":"2022-04-28T17:22:29.674761+09:00","Trailer":{},"Error":null}}
{"level":"debug","time":"2022-04-28T17:22:29.674795+09:00","message":"Received response","workerID":"g0c0","call type":"unary","call":"hello.Greeter.SayHello","input":"name:\"Min\"","metadata":{},"response":"message:\"Hello, Min!, 0!, False!\"","error":null}
{"level":"debug","time":"2022-04-28T17:22:29.674816+09:00","message":"Waiting for report"}
{"level":"debug","time":"2022-04-28T17:22:29.674827+09:00","message":"Finilizing report"}
{"level":"debug","time":"2022-04-28T17:22:29.674849+09:00","message":"Closing client connections"}
{"level":"debug","time":"2022-04-28T17:22:29.674892+09:00","message":"Run finished"}
{"level":"debug","time":"2022-04-28T17:22:29.674917+09:00","message":"Printing report to stdout","path":"stdout"}
